DEPRECATION WARNING: config.action_view.debug_rjs will be removed in 3.1, from 3.1 onwards you will need to install prototype-rails to continue to use RJS templates . (called from service at /System/Library/Frameworks/Ruby.framework/Versions/1.8/usr/lib/ruby/1.8/webrick/httpserver.rb:104)


Started GET "/" for 127.0.0.1 at Fri Oct 14 10:24:45 -0700 2011
  Processing by HomeController#index as HTML
Rendered home/index.html.erb within layouts/application (1.6ms)
Completed 200 OK in 6ms (Views: 5.8ms | ActiveRecord: 0.0ms)


Started GET "/shopping_list" for 127.0.0.1 at Fri Oct 14 10:48:40 -0700 2011

ActionController::RoutingError (No route matches "/shopping_list"):
  

Rendered /Library/Ruby/Gems/1.8/gems/actionpack-3.0.9/lib/action_dispatch/middleware/templates/rescues/routing_error.erb within rescues/layout (0.7ms)


Started GET "/shopping_lists" for 127.0.0.1 at Fri Oct 14 10:48:59 -0700 2011
  Processing by ShoppingListsController#index as HTML
  [1m[36mShoppingList Load (0.3ms)[0m  [1mSELECT "shopping_lists".* FROM "shopping_lists"[0m
SQLite3::SQLException: no such table: shopping_lists: SELECT "shopping_lists".* FROM "shopping_lists"
Completed 500 Internal Server Error in 86ms

ActiveRecord::StatementInvalid (SQLite3::SQLException: no such table: shopping_lists: SELECT "shopping_lists".* FROM "shopping_lists"):
  app/controllers/shopping_lists_controller.rb:5:in `index'

Rendered /Library/Ruby/Gems/1.8/gems/actionpack-3.0.9/lib/action_dispatch/middleware/templates/rescues/_trace.erb (2.7ms)
Rendered /Library/Ruby/Gems/1.8/gems/actionpack-3.0.9/lib/action_dispatch/middleware/templates/rescues/_request_and_response.erb (3.2ms)
Rendered /Library/Ruby/Gems/1.8/gems/actionpack-3.0.9/lib/action_dispatch/middleware/templates/rescues/diagnostics.erb within rescues/layout (27.7ms)
  [1m[36mSQL (0.2ms)[0m  [1m SELECT name
 FROM sqlite_master
 WHERE type = 'table' AND NOT name = 'sqlite_sequence'
[0m
  [1m[35mSQL (0.1ms)[0m  select sqlite_version(*)
  [1m[36mSQL (2.5ms)[0m  [1mCREATE TABLE "schema_migrations" ("version" varchar(255) NOT NULL) [0m
  [1m[35mSQL (0.1ms)[0m  PRAGMA index_list("schema_migrations")
  [1m[36mSQL (230.8ms)[0m  [1mCREATE UNIQUE INDEX "unique_schema_migrations" ON "schema_migrations" ("version")[0m
  [1m[35mSQL (0.1ms)[0m   SELECT name
 FROM sqlite_master
 WHERE type = 'table' AND NOT name = 'sqlite_sequence'
  [1m[36mSQL (0.1ms)[0m  [1m SELECT name
 FROM sqlite_master
 WHERE type = 'table' AND NOT name = 'sqlite_sequence'
[0m
  [1m[35mSQL (0.1ms)[0m  SELECT "schema_migrations"."version" FROM "schema_migrations"
Migrating to CreateUsers (20111014174511)
  [1m[36mSQL (0.4ms)[0m  [1mCREATE TABLE "users" ("id" INTEGER PRIMARY KEY AUTOINCREMENT NOT NULL, "uname" varchar(255), "pwd" varchar(255), "created_at" datetime, "updated_at" datetime) [0m
  [1m[35mSQL (0.1ms)[0m  INSERT INTO "schema_migrations" ("version") VALUES ('20111014174511')
Migrating to CreateFridgeFoods (20111014174558)
  [1m[36mSQL (0.3ms)[0m  [1mCREATE TABLE "fridge_foods" ("id" INTEGER PRIMARY KEY AUTOINCREMENT NOT NULL, "desc" varchar(255), "expiration" date, "user_id" integer, "created_at" datetime, "updated_at" datetime) [0m
  [1m[35mSQL (0.1ms)[0m  INSERT INTO "schema_migrations" ("version") VALUES ('20111014174558')
Migrating to CreateShoppingLists (20111014174625)
  [1m[36mSQL (0.3ms)[0m  [1mCREATE TABLE "shopping_lists" ("id" INTEGER PRIMARY KEY AUTOINCREMENT NOT NULL, "desc" varchar(255), "user_id" integer, "created_at" datetime, "updated_at" datetime) [0m
  [1m[35mSQL (0.1ms)[0m  INSERT INTO "schema_migrations" ("version") VALUES ('20111014174625')
Migrating to CreateLogs (20111014174657)
  [1m[36mSQL (0.3ms)[0m  [1mCREATE TABLE "logs" ("id" INTEGER PRIMARY KEY AUTOINCREMENT NOT NULL, "action" varchar(255), "user_id" integer, "created_at" datetime, "updated_at" datetime) [0m
  [1m[35mSQL (0.1ms)[0m  INSERT INTO "schema_migrations" ("version") VALUES ('20111014174657')
  [1m[36mSQL (0.2ms)[0m  [1m SELECT name
 FROM sqlite_master
 WHERE type = 'table' AND NOT name = 'sqlite_sequence'
[0m
  [1m[35mSQL (0.1ms)[0m  SELECT "schema_migrations"."version" FROM "schema_migrations"
  [1m[36mSQL (0.1ms)[0m  [1m SELECT name
 FROM sqlite_master
 WHERE type = 'table' AND NOT name = 'sqlite_sequence'
[0m
  [1m[35mSQL (0.0ms)[0m  PRAGMA index_list("fridge_foods")
  [1m[36mSQL (0.0ms)[0m  [1mPRAGMA index_list("logs")[0m
  [1m[35mSQL (0.0ms)[0m  PRAGMA index_list("shopping_lists")
  [1m[36mSQL (0.0ms)[0m  [1mPRAGMA index_list("users")[0m


Started GET "/shopping_lists" for 127.0.0.1 at Fri Oct 14 10:49:31 -0700 2011
  Processing by ShoppingListsController#index as HTML
  [1m[35mShoppingList Load (0.3ms)[0m  SELECT "shopping_lists".* FROM "shopping_lists"
Rendered shopping_lists/index.html.erb within layouts/application (2.1ms)
Completed 200 OK in 11ms (Views: 6.5ms | ActiveRecord: 0.3ms)


Started GET "/shopping_lists/new" for 127.0.0.1 at Fri Oct 14 10:49:40 -0700 2011
  Processing by ShoppingListsController#new as HTML
Rendered shopping_lists/_form.html.erb (62.0ms)
Rendered shopping_lists/new.html.erb within layouts/application (64.9ms)
Completed 200 OK in 109ms (Views: 68.5ms | ActiveRecord: 0.0ms)


Started GET "/user" for 127.0.0.1 at Fri Oct 14 10:49:46 -0700 2011

ActionController::RoutingError (No route matches "/user"):
  

Rendered /Library/Ruby/Gems/1.8/gems/actionpack-3.0.9/lib/action_dispatch/middleware/templates/rescues/routing_error.erb within rescues/layout (0.6ms)


Started GET "/users" for 127.0.0.1 at Fri Oct 14 10:49:47 -0700 2011
  Processing by UsersController#index as HTML
  [1m[36mUser Load (0.4ms)[0m  [1mSELECT "users".* FROM "users"[0m
Rendered users/index.html.erb within layouts/application (2.5ms)
Completed 200 OK in 14ms (Views: 7.9ms | ActiveRecord: 0.4ms)
